2019-11-23 00:18:06,098 0      [           main] DEBUG ache.ibatis.logging.LogFactory  - Logging initialized using 'class org.apache.ibatis.logging.log4j.Log4jImpl' adapter.
2019-11-23 00:18:06,195 97     [           main] DEBUG       org.apache.ibatis.io.VFS  - Class not found: org.jboss.vfs.VFS
2019-11-23 00:18:06,196 98     [           main] DEBUG org.apache.ibatis.io.JBoss6VFS  - JBoss 6 VFS API is not available in this environment.
2019-11-23 00:18:06,196 98     [           main] DEBUG       org.apache.ibatis.io.VFS  - Class not found: org.jboss.vfs.VirtualFile
2019-11-23 00:18:06,198 100    [           main] DEBUG       org.apache.ibatis.io.VFS  - VFS implementation org.apache.ibatis.io.JBoss6VFS is not valid in this environment.
2019-11-23 00:18:06,198 100    [           main] DEBUG       org.apache.ibatis.io.VFS  - Using VFS adapter org.apache.ibatis.io.DefaultVFS
2019-11-23 00:18:32,559 0      [           main] DEBUG ache.ibatis.logging.LogFactory  - Logging initialized using 'class org.apache.ibatis.logging.log4j.Log4jImpl' adapter.
2019-11-23 00:18:32,623 64     [           main] DEBUG       org.apache.ibatis.io.VFS  - Class not found: org.jboss.vfs.VFS
2019-11-23 00:18:32,623 64     [           main] DEBUG org.apache.ibatis.io.JBoss6VFS  - JBoss 6 VFS API is not available in this environment.
2019-11-23 00:18:32,624 65     [           main] DEBUG       org.apache.ibatis.io.VFS  - Class not found: org.jboss.vfs.VirtualFile
2019-11-23 00:18:32,624 65     [           main] DEBUG       org.apache.ibatis.io.VFS  - VFS implementation org.apache.ibatis.io.JBoss6VFS is not valid in this environment.
2019-11-23 00:18:32,625 66     [           main] DEBUG       org.apache.ibatis.io.VFS  - Using VFS adapter org.apache.ibatis.io.DefaultVFS
2019-11-23 00:18:43,497 0      [           main] DEBUG ache.ibatis.logging.LogFactory  - Logging initialized using 'class org.apache.ibatis.logging.log4j.Log4jImpl' adapter.
2019-11-23 00:18:43,582 85     [           main] DEBUG       org.apache.ibatis.io.VFS  - Class not found: org.jboss.vfs.VFS
2019-11-23 00:18:43,582 85     [           main] DEBUG org.apache.ibatis.io.JBoss6VFS  - JBoss 6 VFS API is not available in this environment.
2019-11-23 00:18:43,583 86     [           main] DEBUG       org.apache.ibatis.io.VFS  - Class not found: org.jboss.vfs.VirtualFile
2019-11-23 00:18:43,584 87     [           main] DEBUG       org.apache.ibatis.io.VFS  - VFS implementation org.apache.ibatis.io.JBoss6VFS is not valid in this environment.
2019-11-23 00:18:43,585 88     [           main] DEBUG       org.apache.ibatis.io.VFS  - Using VFS adapter org.apache.ibatis.io.DefaultVFS
2019-11-23 00:19:25,331 0      [           main] DEBUG ache.ibatis.logging.LogFactory  - Logging initialized using 'class org.apache.ibatis.logging.log4j.Log4jImpl' adapter.
2019-11-23 00:19:25,415 84     [           main] DEBUG       org.apache.ibatis.io.VFS  - Class not found: org.jboss.vfs.VFS
2019-11-23 00:19:25,415 84     [           main] DEBUG org.apache.ibatis.io.JBoss6VFS  - JBoss 6 VFS API is not available in this environment.
2019-11-23 00:19:25,416 85     [           main] DEBUG       org.apache.ibatis.io.VFS  - Class not found: org.jboss.vfs.VirtualFile
2019-11-23 00:19:25,416 85     [           main] DEBUG       org.apache.ibatis.io.VFS  - VFS implementation org.apache.ibatis.io.JBoss6VFS is not valid in this environment.
2019-11-23 00:19:25,417 86     [           main] DEBUG       org.apache.ibatis.io.VFS  - Using VFS adapter org.apache.ibatis.io.DefaultVFS
