2019-10-24 23:55:26,271 0      [           main] DEBUG ache.ibatis.logging.LogFactory  - Logging initialized using 'class org.apache.ibatis.logging.log4j.Log4jImpl' adapter.
2019-10-24 23:55:26,303 32     [           main] DEBUG source.pooled.PooledDataSource  - PooledDataSource forcefully closed/removed all connections.
2019-10-24 23:55:26,303 32     [           main] DEBUG source.pooled.PooledDataSource  - PooledDataSource forcefully closed/removed all connections.
2019-10-24 23:55:26,303 32     [           main] DEBUG source.pooled.PooledDataSource  - PooledDataSource forcefully closed/removed all connections.
2019-10-24 23:55:26,303 32     [           main] DEBUG source.pooled.PooledDataSource  - PooledDataSource forcefully closed/removed all connections.
2019-10-24 23:55:26,440 169    [           main] DEBUG ansaction.jdbc.JdbcTransaction  - Opening JDBC Connection
2019-10-24 23:55:26,678 407    [           main] DEBUG source.pooled.PooledDataSource  - Created connection 1757143877.
2019-10-24 23:55:26,678 407    [           main] DEBUG ansaction.jdbc.JdbcTransaction  - Setting autocommit to false on JDBC Connection [com.mysql.jdbc.JDBC4Connection@68bbe345]
2019-10-24 23:55:26,686 415    [           main] DEBUG   com.lgl.dao.IUserDao.findAll  - ==>  Preparing: select * from user 
2019-10-24 23:55:26,714 443    [           main] DEBUG   com.lgl.dao.IUserDao.findAll  - ==> Parameters: 
2019-10-24 23:55:26,737 466    [           main] DEBUG   com.lgl.dao.IUserDao.findAll  - <==      Total: 6
2019-10-24 23:55:26,737 466    [           main] DEBUG ansaction.jdbc.JdbcTransaction  - Resetting autocommit to true on JDBC Connection [com.mysql.jdbc.JDBC4Connection@68bbe345]
2019-10-24 23:55:26,738 467    [           main] DEBUG ansaction.jdbc.JdbcTransaction  - Closing JDBC Connection [com.mysql.jdbc.JDBC4Connection@68bbe345]
2019-10-24 23:55:26,738 467    [           main] DEBUG source.pooled.PooledDataSource  - Returned connection 1757143877 to pool.
2019-10-25 14:54:07,921 0      [           main] DEBUG ache.ibatis.logging.LogFactory  - Logging initialized using 'class org.apache.ibatis.logging.log4j.Log4jImpl' adapter.
2019-10-25 14:54:07,960 39     [           main] DEBUG source.pooled.PooledDataSource  - PooledDataSource forcefully closed/removed all connections.
2019-10-25 14:54:07,960 39     [           main] DEBUG source.pooled.PooledDataSource  - PooledDataSource forcefully closed/removed all connections.
2019-10-25 14:54:07,960 39     [           main] DEBUG source.pooled.PooledDataSource  - PooledDataSource forcefully closed/removed all connections.
2019-10-25 14:54:07,960 39     [           main] DEBUG source.pooled.PooledDataSource  - PooledDataSource forcefully closed/removed all connections.
2019-10-25 14:54:08,046 125    [           main] DEBUG ansaction.jdbc.JdbcTransaction  - Opening JDBC Connection
2019-10-25 14:56:54,741 0      [           main] DEBUG ache.ibatis.logging.LogFactory  - Logging initialized using 'class org.apache.ibatis.logging.log4j.Log4jImpl' adapter.
2019-10-25 14:56:54,764 23     [           main] DEBUG source.pooled.PooledDataSource  - PooledDataSource forcefully closed/removed all connections.
2019-10-25 14:56:54,765 24     [           main] DEBUG source.pooled.PooledDataSource  - PooledDataSource forcefully closed/removed all connections.
2019-10-25 14:56:54,765 24     [           main] DEBUG source.pooled.PooledDataSource  - PooledDataSource forcefully closed/removed all connections.
2019-10-25 14:56:54,765 24     [           main] DEBUG source.pooled.PooledDataSource  - PooledDataSource forcefully closed/removed all connections.
2019-10-25 14:56:54,835 94     [           main] DEBUG ansaction.jdbc.JdbcTransaction  - Opening JDBC Connection
2019-10-25 14:56:55,114 373    [           main] DEBUG source.pooled.PooledDataSource  - Created connection 1757143877.
2019-10-25 14:56:55,114 373    [           main] DEBUG ansaction.jdbc.JdbcTransaction  - Setting autocommit to false on JDBC Connection [com.mysql.jdbc.JDBC4Connection@68bbe345]
2019-10-25 14:56:55,121 380    [           main] DEBUG   com.lgl.dao.IUserDao.findAll  - ==>  Preparing: select * from user 
2019-10-25 14:56:55,149 408    [           main] DEBUG   com.lgl.dao.IUserDao.findAll  - ==> Parameters: 
2019-10-25 14:56:55,172 431    [           main] DEBUG   com.lgl.dao.IUserDao.findAll  - <==      Total: 6
2019-10-25 14:56:55,173 432    [           main] DEBUG ansaction.jdbc.JdbcTransaction  - Resetting autocommit to true on JDBC Connection [com.mysql.jdbc.JDBC4Connection@68bbe345]
2019-10-25 14:56:55,174 433    [           main] DEBUG ansaction.jdbc.JdbcTransaction  - Closing JDBC Connection [com.mysql.jdbc.JDBC4Connection@68bbe345]
2019-10-25 14:56:55,174 433    [           main] DEBUG source.pooled.PooledDataSource  - Returned connection 1757143877 to pool.
